2019-03-26 14:38:43,679 ERROR 1275 [-/127.0.0.1/-/23ms POST /spot/update?name=%E4%B8%BB%E6%A5%BC&gaoDeLon=116.594385&gaoDeLat=40.012834&voiceUrl=http:%2F%2F127.0.0.1:7001%2Fpublic%2F145310840472829.MP3&distance=10&_id=5c99ba56cd851c73d4689a1e&pid=5c9847a198162634690c116a&timestamp=1553582323643] nodejs.TypeError: Cannot set property 'updateTime' of undefined
    at Promise (/Users/richard/github/IntelligentTourMap/app/service/base.js:45:31)
    at new Promise (<anonymous>)
    at SpotService._update (/Users/richard/github/IntelligentTourMap/app/service/base.js:44:16)
    at <anonymous>
    at process._tickCallback (internal/process/next_tick.js:188:7)
headers: {"Access-Control-Allow-Origin":"*","vary":"Origin"}
pid: 1275
hostname: richard-MacBook-Pro.local

2019-03-26 14:42:21,649 ERROR 4166 [-/127.0.0.1/-/6ms GET /public/146760452310052.MP3] nodejs.EPIPEError: write EPIPE
    at _errnoException (util.js:1022:11)
    at WriteWrap.afterWrite [as oncomplete] (net.js:880:14)
code: "EPIPE"
errno: "EPIPE"
syscall: "write"
headerSent: true
name: "EPIPEError"
pid: 4166
hostname: richard-MacBook-Pro.local

2019-03-27 18:41:06,273 ERROR 8597 nodejs.ClusterClientNoResponseError: client no response in 2392742ms exceeding maxIdleTime 60000ms, maybe the connection is close on other side.
    at Timeout.Leader._heartbeatTimer.setInterval [as _onTimeout] (/Users/richard/github/IntelligentTourMap/node_modules/cluster-client/lib/leader.js:77:23)
    at ontimeout (timers.js:482:11)
    at tryOnTimeout (timers.js:317:5)
    at Timer.listOnTimeout (timers.js:277:5)
name: "ClusterClientNoResponseError"
pid: 8597
hostname: richard-MacBook-Pro.local

