2019-04-02 10:13:22,399 INFO 10998 [egg:logger] init all loggers with options: {"dir":"/Users/richard/github/IntelligentTourMap/logs/IntelligentTourMap","encoding":"utf8","env":"local","level":"INFO","consoleLevel":"INFO","disableConsoleAfterReady":false,"outputJSON":false,"buffer":true,"appLogName":"IntelligentTourMap-web.log","coreLogName":"egg-web.log","agentLogName":"egg-agent.log","errorLogName":"common-error.log","coreLogger":{"consoleLevel":"WARN"},"allowDebugAtProd":false,"type":"application"}
2019-04-02 10:13:22,433 INFO 10998 [egg-multipart] stream mode enable
2019-04-02 10:13:22,556 INFO 10998 [egg-static] starting static serve /public/ -> /Users/richard/github/IntelligentTourMap/app/public
2019-04-02 10:13:22,559 INFO 10998 [egg-security] use methodnoallow middleware
2019-04-02 10:13:22,559 INFO 10998 [egg-security] use noopen middleware
2019-04-02 10:13:22,559 INFO 10998 [egg-security] use nosniff middleware
2019-04-02 10:13:22,560 INFO 10998 [egg-security] use xssProtection middleware
2019-04-02 10:13:22,560 INFO 10998 [egg-security] use xframe middleware
2019-04-02 10:13:22,560 INFO 10998 [egg-security] use dta middleware
2019-04-02 10:13:22,560 INFO 10998 [egg-security] compose 6 middlewares into one security middleware
2019-04-02 10:13:22,572 INFO 10998 [egg:core] dump config after load, 5ms
2019-04-02 10:13:22,645 INFO 10998 [egg-watcher:application] watcher start success
2019-04-02 10:13:22,653 INFO 10998 [egg:core] dump config after ready, 6ms
2019-04-08 17:54:09,890 INFO 5800 [egg:logger] init all loggers with options: {"dir":"/Users/richard/github/IntelligentTourMap/logs/IntelligentTourMap","encoding":"utf8","env":"local","level":"INFO","consoleLevel":"INFO","disableConsoleAfterReady":false,"outputJSON":false,"buffer":true,"appLogName":"IntelligentTourMap-web.log","coreLogName":"egg-web.log","agentLogName":"egg-agent.log","errorLogName":"common-error.log","coreLogger":{"consoleLevel":"WARN"},"allowDebugAtProd":false,"type":"application"}
2019-04-08 17:54:09,927 INFO 5800 [egg-multipart] stream mode enable
2019-04-08 17:54:10,116 INFO 5800 [egg-static] starting static serve /public/ -> /Users/richard/github/IntelligentTourMap/app/public
2019-04-08 17:54:10,119 INFO 5800 [egg-security] use methodnoallow middleware
2019-04-08 17:54:10,120 INFO 5800 [egg-security] use noopen middleware
2019-04-08 17:54:10,121 INFO 5800 [egg-security] use nosniff middleware
2019-04-08 17:54:10,121 INFO 5800 [egg-security] use xssProtection middleware
2019-04-08 17:54:10,122 INFO 5800 [egg-security] use xframe middleware
2019-04-08 17:54:10,123 INFO 5800 [egg-security] use dta middleware
2019-04-08 17:54:10,123 INFO 5800 [egg-security] compose 6 middlewares into one security middleware
2019-04-08 17:54:10,137 INFO 5800 [egg:core] dump config after load, 6ms
2019-04-08 17:54:10,228 INFO 5800 [egg-watcher:application] watcher start success
2019-04-08 17:54:10,236 INFO 5800 [egg:core] dump config after ready, 5ms
2019-04-09 10:16:50,406 INFO 7776 [egg:logger] init all loggers with options: {"dir":"/Users/richard/github/IntelligentTourMap/logs/IntelligentTourMap","encoding":"utf8","env":"local","level":"INFO","consoleLevel":"INFO","disableConsoleAfterReady":false,"outputJSON":false,"buffer":true,"appLogName":"IntelligentTourMap-web.log","coreLogName":"egg-web.log","agentLogName":"egg-agent.log","errorLogName":"common-error.log","coreLogger":{"consoleLevel":"WARN"},"allowDebugAtProd":false,"type":"application"}
2019-04-09 10:16:50,442 INFO 7776 [egg-multipart] stream mode enable
2019-04-09 10:16:50,630 INFO 7776 [egg-static] starting static serve /public/ -> /Users/richard/github/IntelligentTourMap/app/public
2019-04-09 10:16:50,634 INFO 7776 [egg-security] use methodnoallow middleware
2019-04-09 10:16:50,635 INFO 7776 [egg-security] use noopen middleware
2019-04-09 10:16:50,636 INFO 7776 [egg-security] use nosniff middleware
2019-04-09 10:16:50,637 INFO 7776 [egg-security] use xssProtection middleware
2019-04-09 10:16:50,637 INFO 7776 [egg-security] use xframe middleware
2019-04-09 10:16:50,638 INFO 7776 [egg-security] use dta middleware
2019-04-09 10:16:50,638 INFO 7776 [egg-security] compose 6 middlewares into one security middleware
2019-04-09 10:16:50,655 INFO 7776 [egg:core] dump config after load, 6ms
2019-04-09 10:16:50,745 INFO 7776 [egg-watcher:application] watcher start success
2019-04-09 10:16:50,752 INFO 7776 [egg:core] dump config after ready, 5ms
2019-04-10 14:20:21,176 INFO 14269 [egg:logger] init all loggers with options: {"dir":"/Users/richard/github/IntelligentTourMap/logs/IntelligentTourMap","encoding":"utf8","env":"local","level":"INFO","consoleLevel":"INFO","disableConsoleAfterReady":false,"outputJSON":false,"buffer":true,"appLogName":"IntelligentTourMap-web.log","coreLogName":"egg-web.log","agentLogName":"egg-agent.log","errorLogName":"common-error.log","coreLogger":{"consoleLevel":"WARN"},"allowDebugAtProd":false,"type":"application"}
2019-04-10 14:20:21,214 INFO 14269 [egg-multipart] stream mode enable
2019-04-10 14:20:21,416 INFO 14269 [egg-static] starting static serve /public/ -> /Users/richard/github/IntelligentTourMap/app/public
2019-04-10 14:20:21,419 INFO 14269 [egg-security] use methodnoallow middleware
2019-04-10 14:20:21,420 INFO 14269 [egg-security] use noopen middleware
2019-04-10 14:20:21,421 INFO 14269 [egg-security] use nosniff middleware
2019-04-10 14:20:21,421 INFO 14269 [egg-security] use xssProtection middleware
2019-04-10 14:20:21,422 INFO 14269 [egg-security] use xframe middleware
2019-04-10 14:20:21,423 INFO 14269 [egg-security] use dta middleware
2019-04-10 14:20:21,423 INFO 14269 [egg-security] compose 6 middlewares into one security middleware
2019-04-10 14:20:21,437 INFO 14269 [egg:core] dump config after load, 6ms
2019-04-10 14:20:21,530 INFO 14269 [egg-watcher:application] watcher start success
2019-04-10 14:20:21,538 INFO 14269 [egg:core] dump config after ready, 5ms
2019-04-10 14:30:20,385 INFO 15199 [egg:logger] init all loggers with options: {"dir":"/Users/richard/github/IntelligentTourMap/logs/IntelligentTourMap","encoding":"utf8","env":"local","level":"INFO","consoleLevel":"INFO","disableConsoleAfterReady":false,"outputJSON":false,"buffer":true,"appLogName":"IntelligentTourMap-web.log","coreLogName":"egg-web.log","agentLogName":"egg-agent.log","errorLogName":"common-error.log","coreLogger":{"consoleLevel":"WARN"},"allowDebugAtProd":false,"type":"application"}
2019-04-10 14:30:20,421 INFO 15199 [egg-multipart] stream mode enable
2019-04-10 14:30:20,607 INFO 15199 [egg-static] starting static serve /public/ -> /Users/richard/github/IntelligentTourMap/app/public
2019-04-10 14:30:20,611 INFO 15199 [egg-security] use methodnoallow middleware
2019-04-10 14:30:20,611 INFO 15199 [egg-security] use noopen middleware
2019-04-10 14:30:20,612 INFO 15199 [egg-security] use nosniff middleware
2019-04-10 14:30:20,613 INFO 15199 [egg-security] use xssProtection middleware
2019-04-10 14:30:20,614 INFO 15199 [egg-security] use xframe middleware
2019-04-10 14:30:20,614 INFO 15199 [egg-security] use dta middleware
2019-04-10 14:30:20,614 INFO 15199 [egg-security] compose 6 middlewares into one security middleware
2019-04-10 14:30:20,629 INFO 15199 [egg:core] dump config after load, 6ms
2019-04-10 14:30:20,715 INFO 15199 [egg-watcher:application] watcher start success
2019-04-10 14:30:20,723 INFO 15199 [egg:core] dump config after ready, 5ms
2019-04-10 14:30:51,078 INFO 15269 [egg:logger] init all loggers with options: {"dir":"/Users/richard/github/IntelligentTourMap/logs/IntelligentTourMap","encoding":"utf8","env":"local","level":"INFO","consoleLevel":"INFO","disableConsoleAfterReady":false,"outputJSON":false,"buffer":true,"appLogName":"IntelligentTourMap-web.log","coreLogName":"egg-web.log","agentLogName":"egg-agent.log","errorLogName":"common-error.log","coreLogger":{"consoleLevel":"WARN"},"allowDebugAtProd":false,"type":"application"}
2019-04-10 14:30:51,116 INFO 15269 [egg-multipart] stream mode enable
2019-04-10 14:30:51,290 INFO 15269 [egg-static] starting static serve /public/ -> /Users/richard/github/IntelligentTourMap/app/public
2019-04-10 14:30:51,293 INFO 15269 [egg-security] use methodnoallow middleware
2019-04-10 14:30:51,293 INFO 15269 [egg-security] use noopen middleware
2019-04-10 14:30:51,294 INFO 15269 [egg-security] use nosniff middleware
2019-04-10 14:30:51,295 INFO 15269 [egg-security] use xssProtection middleware
2019-04-10 14:30:51,295 INFO 15269 [egg-security] use xframe middleware
2019-04-10 14:30:51,296 INFO 15269 [egg-security] use dta middleware
2019-04-10 14:30:51,296 INFO 15269 [egg-security] compose 6 middlewares into one security middleware
2019-04-10 14:30:51,307 INFO 15269 [egg:core] dump config after load, 5ms
2019-04-10 14:30:51,404 INFO 15269 [egg-watcher:application] watcher start success
2019-04-10 14:30:51,414 INFO 15269 [egg:core] dump config after ready, 7ms
2019-04-10 14:31:14,217 INFO 15363 [egg:logger] init all loggers with options: {"dir":"/Users/richard/github/IntelligentTourMap/logs/IntelligentTourMap","encoding":"utf8","env":"local","level":"INFO","consoleLevel":"INFO","disableConsoleAfterReady":false,"outputJSON":false,"buffer":true,"appLogName":"IntelligentTourMap-web.log","coreLogName":"egg-web.log","agentLogName":"egg-agent.log","errorLogName":"common-error.log","coreLogger":{"consoleLevel":"WARN"},"allowDebugAtProd":false,"type":"application"}
2019-04-10 14:31:14,253 INFO 15363 [egg-multipart] stream mode enable
2019-04-10 14:31:14,380 INFO 15363 [egg-static] starting static serve /public/ -> /Users/richard/github/IntelligentTourMap/app/public
2019-04-10 14:31:14,383 INFO 15363 [egg-security] use methodnoallow middleware
2019-04-10 14:31:14,383 INFO 15363 [egg-security] use noopen middleware
2019-04-10 14:31:14,384 INFO 15363 [egg-security] use nosniff middleware
2019-04-10 14:31:14,384 INFO 15363 [egg-security] use xssProtection middleware
2019-04-10 14:31:14,385 INFO 15363 [egg-security] use xframe middleware
2019-04-10 14:31:14,385 INFO 15363 [egg-security] use dta middleware
2019-04-10 14:31:14,385 INFO 15363 [egg-security] compose 6 middlewares into one security middleware
2019-04-10 14:31:14,397 INFO 15363 [egg:core] dump config after load, 6ms
2019-04-10 14:31:14,476 INFO 15363 [egg-watcher:application] watcher start success
2019-04-10 14:31:14,484 INFO 15363 [egg:core] dump config after ready, 6ms
