2019-03-11 10:27:04,895 INFO 84641 [egg-schedule]: register schedule /Users/richard/github/IntelligentTourMap/node_modules/egg-logrotator/app/schedule/clean_log.js
2019-03-11 10:27:04,895 INFO 84641 [egg-schedule]: register schedule /Users/richard/github/IntelligentTourMap/node_modules/egg-logrotator/app/schedule/rotate_by_file.js
2019-03-11 10:27:04,977 INFO 84639 [Timer] /Users/richard/github/IntelligentTourMap/node_modules/egg-logrotator/app/schedule/clean_log.js next time will execute after 48775025ms at 2019-03-12 00:00:00.002
2019-03-11 10:27:04,978 INFO 84639 [Timer] /Users/richard/github/IntelligentTourMap/node_modules/egg-logrotator/app/schedule/rotate_by_file.js next time will execute after 48776023ms at 2019-03-12 00:00:01.001
2019-03-11 10:28:24,533 INFO 84736 [egg-schedule]: register schedule /Users/richard/github/IntelligentTourMap/node_modules/egg-logrotator/app/schedule/clean_log.js
2019-03-11 10:28:24,533 INFO 84736 [egg-schedule]: register schedule /Users/richard/github/IntelligentTourMap/node_modules/egg-logrotator/app/schedule/rotate_by_file.js
2019-03-11 10:28:24,610 INFO 84735 [Timer] /Users/richard/github/IntelligentTourMap/node_modules/egg-logrotator/app/schedule/clean_log.js next time will execute after 48695392ms at 2019-03-12 00:00:00.002
2019-03-11 10:28:24,611 INFO 84735 [Timer] /Users/richard/github/IntelligentTourMap/node_modules/egg-logrotator/app/schedule/rotate_by_file.js next time will execute after 48696390ms at 2019-03-12 00:00:01.001
2019-03-13 09:14:06,997 INFO 17829 [Timer] /Users/richard/github/IntelligentTourMap/node_modules/egg-logrotator/app/schedule/clean_log.js next time will execute after 53153005ms at 2019-03-14 00:00:00.002
2019-03-13 09:14:06,998 INFO 17829 [Timer] /Users/richard/github/IntelligentTourMap/node_modules/egg-logrotator/app/schedule/rotate_by_file.js next time will execute after 53154003ms at 2019-03-14 00:00:01.001
2019-03-13 09:14:06,860 INFO 17839 [egg-schedule]: register schedule /Users/richard/github/IntelligentTourMap/node_modules/egg-logrotator/app/schedule/clean_log.js
2019-03-13 09:14:06,860 INFO 17839 [egg-schedule]: register schedule /Users/richard/github/IntelligentTourMap/node_modules/egg-logrotator/app/schedule/rotate_by_file.js
2019-03-13 09:15:40,592 INFO 17910 [egg-schedule]: register schedule /Users/richard/github/IntelligentTourMap/node_modules/egg-logrotator/app/schedule/clean_log.js
2019-03-13 09:15:40,592 INFO 17910 [egg-schedule]: register schedule /Users/richard/github/IntelligentTourMap/node_modules/egg-logrotator/app/schedule/rotate_by_file.js
2019-03-13 09:16:10,459 INFO 17926 [egg-schedule]: register schedule /Users/richard/github/IntelligentTourMap/node_modules/egg-logrotator/app/schedule/clean_log.js
2019-03-13 09:16:10,459 INFO 17926 [egg-schedule]: register schedule /Users/richard/github/IntelligentTourMap/node_modules/egg-logrotator/app/schedule/rotate_by_file.js
2019-03-13 09:20:11,811 INFO 18038 [egg-schedule]: register schedule /Users/richard/github/IntelligentTourMap/node_modules/egg-logrotator/app/schedule/clean_log.js
2019-03-13 09:20:11,811 INFO 18038 [egg-schedule]: register schedule /Users/richard/github/IntelligentTourMap/node_modules/egg-logrotator/app/schedule/rotate_by_file.js
2019-03-13 09:21:35,029 INFO 18194 [egg-schedule]: register schedule /Users/richard/github/IntelligentTourMap/node_modules/egg-logrotator/app/schedule/clean_log.js
2019-03-13 09:21:35,029 INFO 18194 [egg-schedule]: register schedule /Users/richard/github/IntelligentTourMap/node_modules/egg-logrotator/app/schedule/rotate_by_file.js
2019-03-13 09:21:51,307 INFO 18217 [egg-schedule]: register schedule /Users/richard/github/IntelligentTourMap/node_modules/egg-logrotator/app/schedule/clean_log.js
2019-03-13 09:21:51,308 INFO 18217 [egg-schedule]: register schedule /Users/richard/github/IntelligentTourMap/node_modules/egg-logrotator/app/schedule/rotate_by_file.js
2019-03-13 10:15:06,453 INFO 21993 [egg-schedule]: register schedule /Users/richard/github/IntelligentTourMap/node_modules/egg-logrotator/app/schedule/clean_log.js
2019-03-13 10:15:06,453 INFO 21993 [egg-schedule]: register schedule /Users/richard/github/IntelligentTourMap/node_modules/egg-logrotator/app/schedule/rotate_by_file.js
2019-03-13 10:15:06,538 INFO 21992 [Timer] /Users/richard/github/IntelligentTourMap/node_modules/egg-logrotator/app/schedule/clean_log.js next time will execute after 49493465ms at 2019-03-14 00:00:00.003
2019-03-13 10:15:06,539 INFO 21992 [Timer] /Users/richard/github/IntelligentTourMap/node_modules/egg-logrotator/app/schedule/rotate_by_file.js next time will execute after 49494462ms at 2019-03-14 00:00:01.001
2019-03-13 10:15:48,314 INFO 22208 [Timer] /Users/richard/github/IntelligentTourMap/node_modules/egg-logrotator/app/schedule/clean_log.js next time will execute after 49451689ms at 2019-03-14 00:00:00.003
2019-03-13 10:15:48,314 INFO 22208 [Timer] /Users/richard/github/IntelligentTourMap/node_modules/egg-logrotator/app/schedule/rotate_by_file.js next time will execute after 49452686ms at 2019-03-14 00:00:01.000
2019-03-13 10:15:48,231 INFO 22209 [egg-schedule]: register schedule /Users/richard/github/IntelligentTourMap/node_modules/egg-logrotator/app/schedule/clean_log.js
2019-03-13 10:15:48,231 INFO 22209 [egg-schedule]: register schedule /Users/richard/github/IntelligentTourMap/node_modules/egg-logrotator/app/schedule/rotate_by_file.js
2019-03-13 10:16:18,619 INFO 22420 [Timer] /Users/richard/github/IntelligentTourMap/node_modules/egg-logrotator/app/schedule/clean_log.js next time will execute after 49421383ms at 2019-03-14 00:00:00.002
2019-03-13 10:16:18,620 INFO 22420 [Timer] /Users/richard/github/IntelligentTourMap/node_modules/egg-logrotator/app/schedule/rotate_by_file.js next time will execute after 49422381ms at 2019-03-14 00:00:01.001
2019-03-13 10:16:18,533 INFO 22428 [egg-schedule]: register schedule /Users/richard/github/IntelligentTourMap/node_modules/egg-logrotator/app/schedule/clean_log.js
2019-03-13 10:16:18,533 INFO 22428 [egg-schedule]: register schedule /Users/richard/github/IntelligentTourMap/node_modules/egg-logrotator/app/schedule/rotate_by_file.js
2019-03-13 10:17:40,858 INFO 22503 [egg-schedule]: register schedule /Users/richard/github/IntelligentTourMap/node_modules/egg-logrotator/app/schedule/clean_log.js
2019-03-13 10:17:40,858 INFO 22503 [egg-schedule]: register schedule /Users/richard/github/IntelligentTourMap/node_modules/egg-logrotator/app/schedule/rotate_by_file.js
2019-03-13 10:17:53,139 INFO 22608 [egg-schedule]: register schedule /Users/richard/github/IntelligentTourMap/node_modules/egg-logrotator/app/schedule/clean_log.js
2019-03-13 10:17:53,139 INFO 22608 [egg-schedule]: register schedule /Users/richard/github/IntelligentTourMap/node_modules/egg-logrotator/app/schedule/rotate_by_file.js
2019-03-13 10:17:53,224 INFO 22607 [Timer] /Users/richard/github/IntelligentTourMap/node_modules/egg-logrotator/app/schedule/clean_log.js next time will execute after 49326778ms at 2019-03-14 00:00:00.002
2019-03-13 10:17:53,225 INFO 22607 [Timer] /Users/richard/github/IntelligentTourMap/node_modules/egg-logrotator/app/schedule/rotate_by_file.js next time will execute after 49327776ms at 2019-03-14 00:00:01.001
2019-03-13 10:19:48,212 INFO 22642 [egg-schedule]: register schedule /Users/richard/github/IntelligentTourMap/node_modules/egg-logrotator/app/schedule/clean_log.js
2019-03-13 10:19:48,212 INFO 22642 [egg-schedule]: register schedule /Users/richard/github/IntelligentTourMap/node_modules/egg-logrotator/app/schedule/rotate_by_file.js
2019-03-13 10:20:06,564 INFO 22655 [egg-schedule]: register schedule /Users/richard/github/IntelligentTourMap/node_modules/egg-logrotator/app/schedule/clean_log.js
2019-03-13 10:20:06,565 INFO 22655 [egg-schedule]: register schedule /Users/richard/github/IntelligentTourMap/node_modules/egg-logrotator/app/schedule/rotate_by_file.js
2019-03-13 10:20:08,615 INFO 22663 [egg-schedule]: register schedule /Users/richard/github/IntelligentTourMap/node_modules/egg-logrotator/app/schedule/clean_log.js
2019-03-13 10:20:08,615 INFO 22663 [egg-schedule]: register schedule /Users/richard/github/IntelligentTourMap/node_modules/egg-logrotator/app/schedule/rotate_by_file.js
2019-03-13 10:20:14,107 INFO 22671 [egg-schedule]: register schedule /Users/richard/github/IntelligentTourMap/node_modules/egg-logrotator/app/schedule/clean_log.js
2019-03-13 10:20:14,107 INFO 22671 [egg-schedule]: register schedule /Users/richard/github/IntelligentTourMap/node_modules/egg-logrotator/app/schedule/rotate_by_file.js
2019-03-13 10:20:26,294 INFO 22772 [egg-schedule]: register schedule /Users/richard/github/IntelligentTourMap/node_modules/egg-logrotator/app/schedule/clean_log.js
2019-03-13 10:20:26,294 INFO 22772 [egg-schedule]: register schedule /Users/richard/github/IntelligentTourMap/node_modules/egg-logrotator/app/schedule/rotate_by_file.js
2019-03-13 10:20:26,378 INFO 22769 [Timer] /Users/richard/github/IntelligentTourMap/node_modules/egg-logrotator/app/schedule/clean_log.js next time will execute after 49173624ms at 2019-03-14 00:00:00.002
2019-03-13 10:20:26,378 INFO 22769 [Timer] /Users/richard/github/IntelligentTourMap/node_modules/egg-logrotator/app/schedule/rotate_by_file.js next time will execute after 49174622ms at 2019-03-14 00:00:01.000
2019-03-13 10:36:50,673 INFO 23237 [egg-schedule]: register schedule /Users/richard/github/IntelligentTourMap/node_modules/egg-logrotator/app/schedule/clean_log.js
2019-03-13 10:36:50,673 INFO 23237 [egg-schedule]: register schedule /Users/richard/github/IntelligentTourMap/node_modules/egg-logrotator/app/schedule/rotate_by_file.js
2019-03-13 10:38:30,100 INFO 23403 [Timer] /Users/richard/github/IntelligentTourMap/node_modules/egg-logrotator/app/schedule/clean_log.js next time will execute after 48089902ms at 2019-03-14 00:00:00.002
2019-03-13 10:38:30,101 INFO 23403 [Timer] /Users/richard/github/IntelligentTourMap/node_modules/egg-logrotator/app/schedule/rotate_by_file.js next time will execute after 48090899ms at 2019-03-14 00:00:01.000
2019-03-13 10:38:29,869 INFO 23404 [egg-schedule]: register schedule /Users/richard/github/IntelligentTourMap/node_modules/egg-logrotator/app/schedule/clean_log.js
2019-03-13 10:38:29,869 INFO 23404 [egg-schedule]: register schedule /Users/richard/github/IntelligentTourMap/node_modules/egg-logrotator/app/schedule/rotate_by_file.js
2019-03-13 10:38:59,113 INFO 23418 [egg-schedule]: register schedule /Users/richard/github/IntelligentTourMap/node_modules/egg-logrotator/app/schedule/clean_log.js
2019-03-13 10:38:59,113 INFO 23418 [egg-schedule]: register schedule /Users/richard/github/IntelligentTourMap/node_modules/egg-logrotator/app/schedule/rotate_by_file.js
2019-03-13 10:39:28,180 INFO 23437 [egg-schedule]: register schedule /Users/richard/github/IntelligentTourMap/node_modules/egg-logrotator/app/schedule/clean_log.js
2019-03-13 10:39:28,180 INFO 23437 [egg-schedule]: register schedule /Users/richard/github/IntelligentTourMap/node_modules/egg-logrotator/app/schedule/rotate_by_file.js
2019-03-13 10:39:29,258 INFO 23447 [egg-schedule]: register schedule /Users/richard/github/IntelligentTourMap/node_modules/egg-logrotator/app/schedule/clean_log.js
2019-03-13 10:39:29,258 INFO 23447 [egg-schedule]: register schedule /Users/richard/github/IntelligentTourMap/node_modules/egg-logrotator/app/schedule/rotate_by_file.js
2019-03-13 10:40:06,447 INFO 23467 [egg-schedule]: register schedule /Users/richard/github/IntelligentTourMap/node_modules/egg-logrotator/app/schedule/clean_log.js
2019-03-13 10:40:06,447 INFO 23467 [egg-schedule]: register schedule /Users/richard/github/IntelligentTourMap/node_modules/egg-logrotator/app/schedule/rotate_by_file.js
2019-03-13 10:40:49,580 INFO 23555 [Timer] /Users/richard/github/IntelligentTourMap/node_modules/egg-logrotator/app/schedule/clean_log.js next time will execute after 47950422ms at 2019-03-14 00:00:00.002
2019-03-13 10:40:49,580 INFO 23555 [Timer] /Users/richard/github/IntelligentTourMap/node_modules/egg-logrotator/app/schedule/rotate_by_file.js next time will execute after 47951420ms at 2019-03-14 00:00:01.000
2019-03-13 10:40:49,380 INFO 23563 [egg-schedule]: register schedule /Users/richard/github/IntelligentTourMap/node_modules/egg-logrotator/app/schedule/clean_log.js
2019-03-13 10:40:49,380 INFO 23563 [egg-schedule]: register schedule /Users/richard/github/IntelligentTourMap/node_modules/egg-logrotator/app/schedule/rotate_by_file.js
2019-03-13 10:40:58,865 INFO 23591 [egg-schedule]: register schedule /Users/richard/github/IntelligentTourMap/node_modules/egg-logrotator/app/schedule/clean_log.js
2019-03-13 10:40:58,865 INFO 23591 [egg-schedule]: register schedule /Users/richard/github/IntelligentTourMap/node_modules/egg-logrotator/app/schedule/rotate_by_file.js
2019-03-13 10:41:29,530 INFO 23878 [Timer] /Users/richard/github/IntelligentTourMap/node_modules/egg-logrotator/app/schedule/clean_log.js next time will execute after 47910473ms at 2019-03-14 00:00:00.003
2019-03-13 10:41:29,530 INFO 23878 [Timer] /Users/richard/github/IntelligentTourMap/node_modules/egg-logrotator/app/schedule/rotate_by_file.js next time will execute after 47911470ms at 2019-03-14 00:00:01.000
2019-03-13 10:41:29,325 INFO 23888 [egg-schedule]: register schedule /Users/richard/github/IntelligentTourMap/node_modules/egg-logrotator/app/schedule/clean_log.js
2019-03-13 10:41:29,325 INFO 23888 [egg-schedule]: register schedule /Users/richard/github/IntelligentTourMap/node_modules/egg-logrotator/app/schedule/rotate_by_file.js
2019-03-13 10:42:04,247 INFO 23910 [egg-schedule]: register schedule /Users/richard/github/IntelligentTourMap/node_modules/egg-logrotator/app/schedule/clean_log.js
2019-03-13 10:42:04,247 INFO 23910 [egg-schedule]: register schedule /Users/richard/github/IntelligentTourMap/node_modules/egg-logrotator/app/schedule/rotate_by_file.js
2019-03-13 10:42:23,698 INFO 23929 [egg-schedule]: register schedule /Users/richard/github/IntelligentTourMap/node_modules/egg-logrotator/app/schedule/clean_log.js
2019-03-13 10:42:23,698 INFO 23929 [egg-schedule]: register schedule /Users/richard/github/IntelligentTourMap/node_modules/egg-logrotator/app/schedule/rotate_by_file.js
2019-03-13 10:42:38,569 INFO 23946 [egg-schedule]: register schedule /Users/richard/github/IntelligentTourMap/node_modules/egg-logrotator/app/schedule/clean_log.js
2019-03-13 10:42:38,569 INFO 23946 [egg-schedule]: register schedule /Users/richard/github/IntelligentTourMap/node_modules/egg-logrotator/app/schedule/rotate_by_file.js
2019-03-13 10:43:06,426 INFO 23972 [egg-schedule]: register schedule /Users/richard/github/IntelligentTourMap/node_modules/egg-logrotator/app/schedule/clean_log.js
2019-03-13 10:43:06,426 INFO 23972 [egg-schedule]: register schedule /Users/richard/github/IntelligentTourMap/node_modules/egg-logrotator/app/schedule/rotate_by_file.js
2019-03-13 10:43:41,779 INFO 24048 [egg-schedule]: register schedule /Users/richard/github/IntelligentTourMap/node_modules/egg-logrotator/app/schedule/clean_log.js
2019-03-13 10:43:41,779 INFO 24048 [egg-schedule]: register schedule /Users/richard/github/IntelligentTourMap/node_modules/egg-logrotator/app/schedule/rotate_by_file.js
2019-03-13 10:43:41,988 INFO 24047 [Timer] /Users/richard/github/IntelligentTourMap/node_modules/egg-logrotator/app/schedule/clean_log.js next time will execute after 47778015ms at 2019-03-14 00:00:00.003
2019-03-13 10:43:41,988 INFO 24047 [Timer] /Users/richard/github/IntelligentTourMap/node_modules/egg-logrotator/app/schedule/rotate_by_file.js next time will execute after 47779012ms at 2019-03-14 00:00:01.000
2019-03-13 10:46:37,125 INFO 24308 [Timer] /Users/richard/github/IntelligentTourMap/node_modules/egg-logrotator/app/schedule/clean_log.js next time will execute after 47602878ms at 2019-03-14 00:00:00.003
2019-03-13 10:46:37,125 INFO 24308 [Timer] /Users/richard/github/IntelligentTourMap/node_modules/egg-logrotator/app/schedule/rotate_by_file.js next time will execute after 47603875ms at 2019-03-14 00:00:01.000
2019-03-13 10:46:36,924 INFO 24316 [egg-schedule]: register schedule /Users/richard/github/IntelligentTourMap/node_modules/egg-logrotator/app/schedule/clean_log.js
2019-03-13 10:46:36,924 INFO 24316 [egg-schedule]: register schedule /Users/richard/github/IntelligentTourMap/node_modules/egg-logrotator/app/schedule/rotate_by_file.js
2019-03-13 10:47:03,973 INFO 24357 [egg-schedule]: register schedule /Users/richard/github/IntelligentTourMap/node_modules/egg-logrotator/app/schedule/clean_log.js
2019-03-13 10:47:03,973 INFO 24357 [egg-schedule]: register schedule /Users/richard/github/IntelligentTourMap/node_modules/egg-logrotator/app/schedule/rotate_by_file.js
2019-03-13 10:48:21,786 INFO 24402 [egg-schedule]: register schedule /Users/richard/github/IntelligentTourMap/node_modules/egg-logrotator/app/schedule/clean_log.js
2019-03-13 10:48:21,786 INFO 24402 [egg-schedule]: register schedule /Users/richard/github/IntelligentTourMap/node_modules/egg-logrotator/app/schedule/rotate_by_file.js
2019-03-13 10:51:56,402 INFO 24646 [Timer] /Users/richard/github/IntelligentTourMap/node_modules/egg-logrotator/app/schedule/clean_log.js next time will execute after 47283600ms at 2019-03-14 00:00:00.002
2019-03-13 10:51:56,403 INFO 24646 [Timer] /Users/richard/github/IntelligentTourMap/node_modules/egg-logrotator/app/schedule/rotate_by_file.js next time will execute after 47284597ms at 2019-03-14 00:00:01.000
2019-03-13 10:51:56,186 INFO 24654 [egg-schedule]: register schedule /Users/richard/github/IntelligentTourMap/node_modules/egg-logrotator/app/schedule/clean_log.js
2019-03-13 10:51:56,186 INFO 24654 [egg-schedule]: register schedule /Users/richard/github/IntelligentTourMap/node_modules/egg-logrotator/app/schedule/rotate_by_file.js
2019-03-13 10:53:56,580 INFO 24868 [Timer] /Users/richard/github/IntelligentTourMap/node_modules/egg-logrotator/app/schedule/clean_log.js next time will execute after 47163423ms at 2019-03-14 00:00:00.003
2019-03-13 10:53:56,580 INFO 24868 [Timer] /Users/richard/github/IntelligentTourMap/node_modules/egg-logrotator/app/schedule/rotate_by_file.js next time will execute after 47164420ms at 2019-03-14 00:00:01.000
2019-03-13 10:53:56,376 INFO 24876 [egg-schedule]: register schedule /Users/richard/github/IntelligentTourMap/node_modules/egg-logrotator/app/schedule/clean_log.js
2019-03-13 10:53:56,376 INFO 24876 [egg-schedule]: register schedule /Users/richard/github/IntelligentTourMap/node_modules/egg-logrotator/app/schedule/rotate_by_file.js
2019-03-13 10:55:51,407 INFO 25214 [egg-schedule]: register schedule /Users/richard/github/IntelligentTourMap/node_modules/egg-logrotator/app/schedule/clean_log.js
2019-03-13 10:55:51,407 INFO 25214 [egg-schedule]: register schedule /Users/richard/github/IntelligentTourMap/node_modules/egg-logrotator/app/schedule/rotate_by_file.js
2019-03-13 10:55:51,600 INFO 25204 [Timer] /Users/richard/github/IntelligentTourMap/node_modules/egg-logrotator/app/schedule/clean_log.js next time will execute after 47048403ms at 2019-03-14 00:00:00.003
2019-03-13 10:55:51,601 INFO 25204 [Timer] /Users/richard/github/IntelligentTourMap/node_modules/egg-logrotator/app/schedule/rotate_by_file.js next time will execute after 47049400ms at 2019-03-14 00:00:01.000
2019-03-13 10:58:12,922 INFO 25277 [egg-schedule]: register schedule /Users/richard/github/IntelligentTourMap/node_modules/egg-logrotator/app/schedule/clean_log.js
2019-03-13 10:58:12,922 INFO 25277 [egg-schedule]: register schedule /Users/richard/github/IntelligentTourMap/node_modules/egg-logrotator/app/schedule/rotate_by_file.js
2019-03-13 11:03:29,068 INFO 26069 [Timer] /Users/richard/github/IntelligentTourMap/node_modules/egg-logrotator/app/schedule/clean_log.js next time will execute after 46590935ms at 2019-03-14 00:00:00.003
2019-03-13 11:03:29,068 INFO 26069 [Timer] /Users/richard/github/IntelligentTourMap/node_modules/egg-logrotator/app/schedule/rotate_by_file.js next time will execute after 46591932ms at 2019-03-14 00:00:01.000
2019-03-13 11:03:28,864 INFO 26077 [egg-schedule]: register schedule /Users/richard/github/IntelligentTourMap/node_modules/egg-logrotator/app/schedule/clean_log.js
2019-03-13 11:03:28,864 INFO 26077 [egg-schedule]: register schedule /Users/richard/github/IntelligentTourMap/node_modules/egg-logrotator/app/schedule/rotate_by_file.js
2019-03-13 11:09:30,671 INFO 26406 [Timer] /Users/richard/github/IntelligentTourMap/node_modules/egg-logrotator/app/schedule/clean_log.js next time will execute after 46229332ms at 2019-03-14 00:00:00.003
2019-03-13 11:09:30,671 INFO 26406 [Timer] /Users/richard/github/IntelligentTourMap/node_modules/egg-logrotator/app/schedule/rotate_by_file.js next time will execute after 46230329ms at 2019-03-14 00:00:01.000
2019-03-13 11:09:30,466 INFO 26407 [egg-schedule]: register schedule /Users/richard/github/IntelligentTourMap/node_modules/egg-logrotator/app/schedule/clean_log.js
2019-03-13 11:09:30,466 INFO 26407 [egg-schedule]: register schedule /Users/richard/github/IntelligentTourMap/node_modules/egg-logrotator/app/schedule/rotate_by_file.js
2019-03-13 11:11:52,186 INFO 26532 [egg-schedule]: register schedule /Users/richard/github/IntelligentTourMap/node_modules/egg-logrotator/app/schedule/clean_log.js
2019-03-13 11:11:52,186 INFO 26532 [egg-schedule]: register schedule /Users/richard/github/IntelligentTourMap/node_modules/egg-logrotator/app/schedule/rotate_by_file.js
2019-03-13 11:11:52,379 INFO 26524 [Timer] /Users/richard/github/IntelligentTourMap/node_modules/egg-logrotator/app/schedule/clean_log.js next time will execute after 46087624ms at 2019-03-14 00:00:00.003
2019-03-13 11:11:52,379 INFO 26524 [Timer] /Users/richard/github/IntelligentTourMap/node_modules/egg-logrotator/app/schedule/rotate_by_file.js next time will execute after 46088621ms at 2019-03-14 00:00:01.000
2019-03-13 11:17:02,199 INFO 26676 [egg-schedule]: register schedule /Users/richard/github/IntelligentTourMap/node_modules/egg-logrotator/app/schedule/clean_log.js
2019-03-13 11:17:02,199 INFO 26676 [egg-schedule]: register schedule /Users/richard/github/IntelligentTourMap/node_modules/egg-logrotator/app/schedule/rotate_by_file.js
2019-03-13 11:18:25,119 INFO 26856 [egg-schedule]: register schedule /Users/richard/github/IntelligentTourMap/node_modules/egg-logrotator/app/schedule/clean_log.js
2019-03-13 11:18:25,119 INFO 26856 [egg-schedule]: register schedule /Users/richard/github/IntelligentTourMap/node_modules/egg-logrotator/app/schedule/rotate_by_file.js
2019-03-13 11:18:25,313 INFO 26848 [Timer] /Users/richard/github/IntelligentTourMap/node_modules/egg-logrotator/app/schedule/clean_log.js next time will execute after 45694690ms at 2019-03-14 00:00:00.003
2019-03-13 11:18:25,313 INFO 26848 [Timer] /Users/richard/github/IntelligentTourMap/node_modules/egg-logrotator/app/schedule/rotate_by_file.js next time will execute after 45695687ms at 2019-03-14 00:00:01.000
2019-03-13 11:24:15,114 INFO 27021 [egg-schedule]: register schedule /Users/richard/github/IntelligentTourMap/node_modules/egg-logrotator/app/schedule/clean_log.js
2019-03-13 11:24:15,114 INFO 27021 [egg-schedule]: register schedule /Users/richard/github/IntelligentTourMap/node_modules/egg-logrotator/app/schedule/rotate_by_file.js
2019-03-13 11:24:38,040 INFO 27072 [egg-schedule]: register schedule /Users/richard/github/IntelligentTourMap/node_modules/egg-logrotator/app/schedule/clean_log.js
2019-03-13 11:24:38,040 INFO 27072 [egg-schedule]: register schedule /Users/richard/github/IntelligentTourMap/node_modules/egg-logrotator/app/schedule/rotate_by_file.js
2019-03-13 11:24:50,810 INFO 27094 [egg-schedule]: register schedule /Users/richard/github/IntelligentTourMap/node_modules/egg-logrotator/app/schedule/clean_log.js
2019-03-13 11:24:50,810 INFO 27094 [egg-schedule]: register schedule /Users/richard/github/IntelligentTourMap/node_modules/egg-logrotator/app/schedule/rotate_by_file.js
2019-03-13 11:26:06,829 INFO 27134 [egg-schedule]: register schedule /Users/richard/github/IntelligentTourMap/node_modules/egg-logrotator/app/schedule/clean_log.js
2019-03-13 11:26:06,829 INFO 27134 [egg-schedule]: register schedule /Users/richard/github/IntelligentTourMap/node_modules/egg-logrotator/app/schedule/rotate_by_file.js
2019-03-13 11:30:51,240 INFO 27523 [egg-schedule]: register schedule /Users/richard/github/IntelligentTourMap/node_modules/egg-logrotator/app/schedule/clean_log.js
2019-03-13 11:30:51,240 INFO 27523 [egg-schedule]: register schedule /Users/richard/github/IntelligentTourMap/node_modules/egg-logrotator/app/schedule/rotate_by_file.js
2019-03-13 11:30:51,430 INFO 27522 [Timer] /Users/richard/github/IntelligentTourMap/node_modules/egg-logrotator/app/schedule/clean_log.js next time will execute after 44948573ms at 2019-03-14 00:00:00.003
2019-03-13 11:30:51,430 INFO 27522 [Timer] /Users/richard/github/IntelligentTourMap/node_modules/egg-logrotator/app/schedule/rotate_by_file.js next time will execute after 44949570ms at 2019-03-14 00:00:01.000
2019-03-13 11:31:39,047 INFO 27558 [egg-schedule]: register schedule /Users/richard/github/IntelligentTourMap/node_modules/egg-logrotator/app/schedule/clean_log.js
2019-03-13 11:31:39,047 INFO 27558 [egg-schedule]: register schedule /Users/richard/github/IntelligentTourMap/node_modules/egg-logrotator/app/schedule/rotate_by_file.js
2019-03-13 13:13:14,552 INFO 29670 [egg-schedule]: register schedule /Users/richard/github/IntelligentTourMap/node_modules/egg-logrotator/app/schedule/clean_log.js
2019-03-13 13:13:14,552 INFO 29670 [egg-schedule]: register schedule /Users/richard/github/IntelligentTourMap/node_modules/egg-logrotator/app/schedule/rotate_by_file.js
2019-03-13 13:20:05,462 INFO 29988 [egg-schedule]: register schedule /Users/richard/github/IntelligentTourMap/node_modules/egg-logrotator/app/schedule/clean_log.js
2019-03-13 13:20:05,462 INFO 29988 [egg-schedule]: register schedule /Users/richard/github/IntelligentTourMap/node_modules/egg-logrotator/app/schedule/rotate_by_file.js
2019-03-13 13:20:13,511 INFO 30006 [egg-schedule]: register schedule /Users/richard/github/IntelligentTourMap/node_modules/egg-logrotator/app/schedule/clean_log.js
2019-03-13 13:20:13,512 INFO 30006 [egg-schedule]: register schedule /Users/richard/github/IntelligentTourMap/node_modules/egg-logrotator/app/schedule/rotate_by_file.js
2019-03-13 13:20:50,568 INFO 30024 [egg-schedule]: register schedule /Users/richard/github/IntelligentTourMap/node_modules/egg-logrotator/app/schedule/clean_log.js
2019-03-13 13:20:50,568 INFO 30024 [egg-schedule]: register schedule /Users/richard/github/IntelligentTourMap/node_modules/egg-logrotator/app/schedule/rotate_by_file.js
2019-03-13 13:20:56,705 INFO 30061 [egg-schedule]: register schedule /Users/richard/github/IntelligentTourMap/node_modules/egg-logrotator/app/schedule/clean_log.js
2019-03-13 13:20:56,705 INFO 30061 [egg-schedule]: register schedule /Users/richard/github/IntelligentTourMap/node_modules/egg-logrotator/app/schedule/rotate_by_file.js
2019-03-13 13:22:47,164 INFO 30132 [egg-schedule]: register schedule /Users/richard/github/IntelligentTourMap/node_modules/egg-logrotator/app/schedule/clean_log.js
2019-03-13 13:22:47,164 INFO 30132 [egg-schedule]: register schedule /Users/richard/github/IntelligentTourMap/node_modules/egg-logrotator/app/schedule/rotate_by_file.js
2019-03-13 13:23:32,695 INFO 30234 [Timer] /Users/richard/github/IntelligentTourMap/node_modules/egg-logrotator/app/schedule/clean_log.js next time will execute after 38187308ms at 2019-03-14 00:00:00.003
2019-03-13 13:23:32,695 INFO 30234 [Timer] /Users/richard/github/IntelligentTourMap/node_modules/egg-logrotator/app/schedule/rotate_by_file.js next time will execute after 38188305ms at 2019-03-14 00:00:01.000
2019-03-13 13:23:32,495 INFO 30242 [egg-schedule]: register schedule /Users/richard/github/IntelligentTourMap/node_modules/egg-logrotator/app/schedule/clean_log.js
2019-03-13 13:23:32,495 INFO 30242 [egg-schedule]: register schedule /Users/richard/github/IntelligentTourMap/node_modules/egg-logrotator/app/schedule/rotate_by_file.js
2019-03-13 13:24:32,064 INFO 30296 [egg-schedule]: register schedule /Users/richard/github/IntelligentTourMap/node_modules/egg-logrotator/app/schedule/clean_log.js
2019-03-13 13:24:32,064 INFO 30296 [egg-schedule]: register schedule /Users/richard/github/IntelligentTourMap/node_modules/egg-logrotator/app/schedule/rotate_by_file.js
2019-03-13 13:24:33,228 INFO 30304 [egg-schedule]: register schedule /Users/richard/github/IntelligentTourMap/node_modules/egg-logrotator/app/schedule/clean_log.js
2019-03-13 13:24:33,228 INFO 30304 [egg-schedule]: register schedule /Users/richard/github/IntelligentTourMap/node_modules/egg-logrotator/app/schedule/rotate_by_file.js
2019-03-13 13:24:44,171 INFO 30317 [egg-schedule]: register schedule /Users/richard/github/IntelligentTourMap/node_modules/egg-logrotator/app/schedule/clean_log.js
2019-03-13 13:24:44,171 INFO 30317 [egg-schedule]: register schedule /Users/richard/github/IntelligentTourMap/node_modules/egg-logrotator/app/schedule/rotate_by_file.js
2019-03-13 13:24:45,519 INFO 30325 [egg-schedule]: register schedule /Users/richard/github/IntelligentTourMap/node_modules/egg-logrotator/app/schedule/clean_log.js
2019-03-13 13:24:45,520 INFO 30325 [egg-schedule]: register schedule /Users/richard/github/IntelligentTourMap/node_modules/egg-logrotator/app/schedule/rotate_by_file.js
2019-03-13 13:30:37,642 INFO 30571 [egg-schedule]: register schedule /Users/richard/github/IntelligentTourMap/node_modules/egg-logrotator/app/schedule/clean_log.js
2019-03-13 13:30:37,642 INFO 30571 [egg-schedule]: register schedule /Users/richard/github/IntelligentTourMap/node_modules/egg-logrotator/app/schedule/rotate_by_file.js
2019-03-13 13:30:38,910 INFO 30575 [egg-schedule]: register schedule /Users/richard/github/IntelligentTourMap/node_modules/egg-logrotator/app/schedule/clean_log.js
2019-03-13 13:30:38,910 INFO 30575 [egg-schedule]: register schedule /Users/richard/github/IntelligentTourMap/node_modules/egg-logrotator/app/schedule/rotate_by_file.js
2019-03-13 13:30:55,523 INFO 30850 [egg-schedule]: register schedule /Users/richard/github/IntelligentTourMap/node_modules/egg-logrotator/app/schedule/clean_log.js
2019-03-13 13:30:55,523 INFO 30850 [egg-schedule]: register schedule /Users/richard/github/IntelligentTourMap/node_modules/egg-logrotator/app/schedule/rotate_by_file.js
2019-03-13 13:30:55,716 INFO 30842 [Timer] /Users/richard/github/IntelligentTourMap/node_modules/egg-logrotator/app/schedule/clean_log.js next time will execute after 37744286ms at 2019-03-14 00:00:00.002
2019-03-13 13:30:55,716 INFO 30842 [Timer] /Users/richard/github/IntelligentTourMap/node_modules/egg-logrotator/app/schedule/rotate_by_file.js next time will execute after 37745284ms at 2019-03-14 00:00:01.000
2019-03-13 13:33:22,449 INFO 30919 [egg-schedule]: register schedule /Users/richard/github/IntelligentTourMap/node_modules/egg-logrotator/app/schedule/clean_log.js
2019-03-13 13:33:22,449 INFO 30919 [egg-schedule]: register schedule /Users/richard/github/IntelligentTourMap/node_modules/egg-logrotator/app/schedule/rotate_by_file.js
2019-03-13 13:33:48,075 INFO 30977 [egg-schedule]: register schedule /Users/richard/github/IntelligentTourMap/node_modules/egg-logrotator/app/schedule/clean_log.js
2019-03-13 13:33:48,075 INFO 30977 [egg-schedule]: register schedule /Users/richard/github/IntelligentTourMap/node_modules/egg-logrotator/app/schedule/rotate_by_file.js
2019-03-13 13:33:49,388 INFO 30985 [egg-schedule]: register schedule /Users/richard/github/IntelligentTourMap/node_modules/egg-logrotator/app/schedule/clean_log.js
2019-03-13 13:33:49,388 INFO 30985 [egg-schedule]: register schedule /Users/richard/github/IntelligentTourMap/node_modules/egg-logrotator/app/schedule/rotate_by_file.js
2019-03-13 13:34:34,219 INFO 31006 [egg-schedule]: register schedule /Users/richard/github/IntelligentTourMap/node_modules/egg-logrotator/app/schedule/clean_log.js
2019-03-13 13:34:34,219 INFO 31006 [egg-schedule]: register schedule /Users/richard/github/IntelligentTourMap/node_modules/egg-logrotator/app/schedule/rotate_by_file.js
2019-03-13 13:34:35,563 INFO 31016 [egg-schedule]: register schedule /Users/richard/github/IntelligentTourMap/node_modules/egg-logrotator/app/schedule/clean_log.js
2019-03-13 13:34:35,563 INFO 31016 [egg-schedule]: register schedule /Users/richard/github/IntelligentTourMap/node_modules/egg-logrotator/app/schedule/rotate_by_file.js
2019-03-13 13:34:55,748 INFO 31032 [egg-schedule]: register schedule /Users/richard/github/IntelligentTourMap/node_modules/egg-logrotator/app/schedule/clean_log.js
2019-03-13 13:34:55,748 INFO 31032 [egg-schedule]: register schedule /Users/richard/github/IntelligentTourMap/node_modules/egg-logrotator/app/schedule/rotate_by_file.js
2019-03-13 13:35:04,130 INFO 31041 [egg-schedule]: register schedule /Users/richard/github/IntelligentTourMap/node_modules/egg-logrotator/app/schedule/clean_log.js
2019-03-13 13:35:04,130 INFO 31041 [egg-schedule]: register schedule /Users/richard/github/IntelligentTourMap/node_modules/egg-logrotator/app/schedule/rotate_by_file.js
2019-03-13 13:49:05,464 INFO 31563 [egg-schedule]: register schedule /Users/richard/github/IntelligentTourMap/node_modules/egg-logrotator/app/schedule/clean_log.js
2019-03-13 13:49:05,464 INFO 31563 [egg-schedule]: register schedule /Users/richard/github/IntelligentTourMap/node_modules/egg-logrotator/app/schedule/rotate_by_file.js
2019-03-13 13:49:31,967 INFO 31621 [egg-schedule]: register schedule /Users/richard/github/IntelligentTourMap/node_modules/egg-logrotator/app/schedule/clean_log.js
2019-03-13 13:49:31,967 INFO 31621 [egg-schedule]: register schedule /Users/richard/github/IntelligentTourMap/node_modules/egg-logrotator/app/schedule/rotate_by_file.js
2019-03-13 13:56:10,828 INFO 31831 [egg-schedule]: register schedule /Users/richard/github/IntelligentTourMap/node_modules/egg-logrotator/app/schedule/clean_log.js
2019-03-13 13:56:10,828 INFO 31831 [egg-schedule]: register schedule /Users/richard/github/IntelligentTourMap/node_modules/egg-logrotator/app/schedule/rotate_by_file.js
2019-03-13 13:56:19,994 INFO 31849 [egg-schedule]: register schedule /Users/richard/github/IntelligentTourMap/node_modules/egg-logrotator/app/schedule/clean_log.js
2019-03-13 13:56:19,994 INFO 31849 [egg-schedule]: register schedule /Users/richard/github/IntelligentTourMap/node_modules/egg-logrotator/app/schedule/rotate_by_file.js
2019-03-13 13:57:51,450 INFO 32081 [egg-schedule]: register schedule /Users/richard/github/IntelligentTourMap/node_modules/egg-logrotator/app/schedule/clean_log.js
2019-03-13 13:57:51,450 INFO 32081 [egg-schedule]: register schedule /Users/richard/github/IntelligentTourMap/node_modules/egg-logrotator/app/schedule/rotate_by_file.js
2019-03-13 13:57:51,642 INFO 32073 [Timer] /Users/richard/github/IntelligentTourMap/node_modules/egg-logrotator/app/schedule/clean_log.js next time will execute after 36128360ms at 2019-03-14 00:00:00.002
2019-03-13 13:57:51,643 INFO 32073 [Timer] /Users/richard/github/IntelligentTourMap/node_modules/egg-logrotator/app/schedule/rotate_by_file.js next time will execute after 36129358ms at 2019-03-14 00:00:01.001
2019-03-13 13:59:23,425 INFO 32264 [Timer] /Users/richard/github/IntelligentTourMap/node_modules/egg-logrotator/app/schedule/clean_log.js next time will execute after 36036577ms at 2019-03-14 00:00:00.002
2019-03-13 13:59:23,426 INFO 32264 [Timer] /Users/richard/github/IntelligentTourMap/node_modules/egg-logrotator/app/schedule/rotate_by_file.js next time will execute after 36037575ms at 2019-03-14 00:00:01.001
2019-03-13 13:59:23,228 INFO 32272 [egg-schedule]: register schedule /Users/richard/github/IntelligentTourMap/node_modules/egg-logrotator/app/schedule/clean_log.js
2019-03-13 13:59:23,228 INFO 32272 [egg-schedule]: register schedule /Users/richard/github/IntelligentTourMap/node_modules/egg-logrotator/app/schedule/rotate_by_file.js
2019-03-13 14:00:39,005 INFO 32327 [egg-schedule]: register schedule /Users/richard/github/IntelligentTourMap/node_modules/egg-logrotator/app/schedule/clean_log.js
2019-03-13 14:00:39,005 INFO 32327 [egg-schedule]: register schedule /Users/richard/github/IntelligentTourMap/node_modules/egg-logrotator/app/schedule/rotate_by_file.js
2019-03-13 14:00:40,241 INFO 32329 [egg-schedule]: register schedule /Users/richard/github/IntelligentTourMap/node_modules/egg-logrotator/app/schedule/clean_log.js
2019-03-13 14:00:40,241 INFO 32329 [egg-schedule]: register schedule /Users/richard/github/IntelligentTourMap/node_modules/egg-logrotator/app/schedule/rotate_by_file.js
2019-03-13 14:00:42,555 INFO 32337 [egg-schedule]: register schedule /Users/richard/github/IntelligentTourMap/node_modules/egg-logrotator/app/schedule/clean_log.js
2019-03-13 14:00:42,555 INFO 32337 [egg-schedule]: register schedule /Users/richard/github/IntelligentTourMap/node_modules/egg-logrotator/app/schedule/rotate_by_file.js
2019-03-13 14:00:44,257 INFO 32338 [egg-schedule]: register schedule /Users/richard/github/IntelligentTourMap/node_modules/egg-logrotator/app/schedule/clean_log.js
2019-03-13 14:00:44,257 INFO 32338 [egg-schedule]: register schedule /Users/richard/github/IntelligentTourMap/node_modules/egg-logrotator/app/schedule/rotate_by_file.js
2019-03-13 14:01:12,937 INFO 32730 [Timer] /Users/richard/github/IntelligentTourMap/node_modules/egg-logrotator/app/schedule/clean_log.js next time will execute after 35927065ms at 2019-03-14 00:00:00.002
2019-03-13 14:01:12,938 INFO 32730 [Timer] /Users/richard/github/IntelligentTourMap/node_modules/egg-logrotator/app/schedule/rotate_by_file.js next time will execute after 35928063ms at 2019-03-14 00:00:01.001
2019-03-13 14:01:12,744 INFO 32738 [egg-schedule]: register schedule /Users/richard/github/IntelligentTourMap/node_modules/egg-logrotator/app/schedule/clean_log.js
2019-03-13 14:01:12,744 INFO 32738 [egg-schedule]: register schedule /Users/richard/github/IntelligentTourMap/node_modules/egg-logrotator/app/schedule/rotate_by_file.js
2019-03-13 14:01:48,619 INFO 32786 [egg-schedule]: register schedule /Users/richard/github/IntelligentTourMap/node_modules/egg-logrotator/app/schedule/clean_log.js
2019-03-13 14:01:48,619 INFO 32786 [egg-schedule]: register schedule /Users/richard/github/IntelligentTourMap/node_modules/egg-logrotator/app/schedule/rotate_by_file.js
2019-03-13 14:01:49,838 INFO 32797 [egg-schedule]: register schedule /Users/richard/github/IntelligentTourMap/node_modules/egg-logrotator/app/schedule/clean_log.js
2019-03-13 14:01:49,838 INFO 32797 [egg-schedule]: register schedule /Users/richard/github/IntelligentTourMap/node_modules/egg-logrotator/app/schedule/rotate_by_file.js
2019-03-13 14:02:20,801 INFO 32814 [egg-schedule]: register schedule /Users/richard/github/IntelligentTourMap/node_modules/egg-logrotator/app/schedule/clean_log.js
2019-03-13 14:02:20,801 INFO 32814 [egg-schedule]: register schedule /Users/richard/github/IntelligentTourMap/node_modules/egg-logrotator/app/schedule/rotate_by_file.js
2019-03-13 14:06:03,515 INFO 33287 [egg-schedule]: register schedule /Users/richard/github/IntelligentTourMap/node_modules/egg-logrotator/app/schedule/clean_log.js
2019-03-13 14:06:03,515 INFO 33287 [egg-schedule]: register schedule /Users/richard/github/IntelligentTourMap/node_modules/egg-logrotator/app/schedule/rotate_by_file.js
2019-03-13 14:06:03,716 INFO 33279 [Timer] /Users/richard/github/IntelligentTourMap/node_modules/egg-logrotator/app/schedule/clean_log.js next time will execute after 35636286ms at 2019-03-14 00:00:00.002
2019-03-13 14:06:03,717 INFO 33279 [Timer] /Users/richard/github/IntelligentTourMap/node_modules/egg-logrotator/app/schedule/rotate_by_file.js next time will execute after 35637284ms at 2019-03-14 00:00:01.001
2019-03-13 14:06:42,916 INFO 33308 [egg-schedule]: register schedule /Users/richard/github/IntelligentTourMap/node_modules/egg-logrotator/app/schedule/clean_log.js
2019-03-13 14:06:42,916 INFO 33308 [egg-schedule]: register schedule /Users/richard/github/IntelligentTourMap/node_modules/egg-logrotator/app/schedule/rotate_by_file.js
2019-03-13 14:07:16,113 INFO 33332 [egg-schedule]: register schedule /Users/richard/github/IntelligentTourMap/node_modules/egg-logrotator/app/schedule/clean_log.js
2019-03-13 14:07:16,113 INFO 33332 [egg-schedule]: register schedule /Users/richard/github/IntelligentTourMap/node_modules/egg-logrotator/app/schedule/rotate_by_file.js
2019-03-13 14:07:42,923 INFO 33356 [egg-schedule]: register schedule /Users/richard/github/IntelligentTourMap/node_modules/egg-logrotator/app/schedule/clean_log.js
2019-03-13 14:07:42,923 INFO 33356 [egg-schedule]: register schedule /Users/richard/github/IntelligentTourMap/node_modules/egg-logrotator/app/schedule/rotate_by_file.js
2019-03-13 14:08:12,855 INFO 33407 [egg-schedule]: register schedule /Users/richard/github/IntelligentTourMap/node_modules/egg-logrotator/app/schedule/clean_log.js
2019-03-13 14:08:12,855 INFO 33407 [egg-schedule]: register schedule /Users/richard/github/IntelligentTourMap/node_modules/egg-logrotator/app/schedule/rotate_by_file.js
2019-03-13 14:09:11,792 INFO 33464 [egg-schedule]: register schedule /Users/richard/github/IntelligentTourMap/node_modules/egg-logrotator/app/schedule/clean_log.js
2019-03-13 14:09:11,792 INFO 33464 [egg-schedule]: register schedule /Users/richard/github/IntelligentTourMap/node_modules/egg-logrotator/app/schedule/rotate_by_file.js
2019-03-13 14:09:21,043 INFO 33482 [egg-schedule]: register schedule /Users/richard/github/IntelligentTourMap/node_modules/egg-logrotator/app/schedule/clean_log.js
2019-03-13 14:09:21,043 INFO 33482 [egg-schedule]: register schedule /Users/richard/github/IntelligentTourMap/node_modules/egg-logrotator/app/schedule/rotate_by_file.js
2019-03-13 14:18:54,065 INFO 33709 [egg-schedule]: register schedule /Users/richard/github/IntelligentTourMap/node_modules/egg-logrotator/app/schedule/clean_log.js
2019-03-13 14:18:54,065 INFO 33709 [egg-schedule]: register schedule /Users/richard/github/IntelligentTourMap/node_modules/egg-logrotator/app/schedule/rotate_by_file.js
2019-03-13 14:19:09,556 INFO 33740 [egg-schedule]: register schedule /Users/richard/github/IntelligentTourMap/node_modules/egg-logrotator/app/schedule/clean_log.js
2019-03-13 14:19:09,556 INFO 33740 [egg-schedule]: register schedule /Users/richard/github/IntelligentTourMap/node_modules/egg-logrotator/app/schedule/rotate_by_file.js
2019-03-13 14:20:07,755 INFO 33775 [egg-schedule]: register schedule /Users/richard/github/IntelligentTourMap/node_modules/egg-logrotator/app/schedule/clean_log.js
2019-03-13 14:20:07,755 INFO 33775 [egg-schedule]: register schedule /Users/richard/github/IntelligentTourMap/node_modules/egg-logrotator/app/schedule/rotate_by_file.js
2019-03-13 14:22:43,877 INFO 33864 [egg-schedule]: register schedule /Users/richard/github/IntelligentTourMap/node_modules/egg-logrotator/app/schedule/clean_log.js
2019-03-13 14:22:43,877 INFO 33864 [egg-schedule]: register schedule /Users/richard/github/IntelligentTourMap/node_modules/egg-logrotator/app/schedule/rotate_by_file.js
2019-03-13 14:22:45,650 INFO 33865 [egg-schedule]: register schedule /Users/richard/github/IntelligentTourMap/node_modules/egg-logrotator/app/schedule/clean_log.js
2019-03-13 14:22:45,650 INFO 33865 [egg-schedule]: register schedule /Users/richard/github/IntelligentTourMap/node_modules/egg-logrotator/app/schedule/rotate_by_file.js
2019-03-13 15:13:43,897 INFO 35464 [egg-schedule]: register schedule /Users/richard/github/IntelligentTourMap/node_modules/egg-logrotator/app/schedule/clean_log.js
2019-03-13 15:13:43,897 INFO 35464 [egg-schedule]: register schedule /Users/richard/github/IntelligentTourMap/node_modules/egg-logrotator/app/schedule/rotate_by_file.js
2019-03-13 15:14:08,356 INFO 35516 [egg-schedule]: register schedule /Users/richard/github/IntelligentTourMap/node_modules/egg-logrotator/app/schedule/clean_log.js
2019-03-13 15:14:08,356 INFO 35516 [egg-schedule]: register schedule /Users/richard/github/IntelligentTourMap/node_modules/egg-logrotator/app/schedule/rotate_by_file.js
2019-03-13 15:17:46,844 INFO 35714 [egg-schedule]: register schedule /Users/richard/github/IntelligentTourMap/node_modules/egg-logrotator/app/schedule/clean_log.js
2019-03-13 15:17:46,844 INFO 35714 [egg-schedule]: register schedule /Users/richard/github/IntelligentTourMap/node_modules/egg-logrotator/app/schedule/rotate_by_file.js
2019-03-13 15:17:51,587 INFO 35725 [egg-schedule]: register schedule /Users/richard/github/IntelligentTourMap/node_modules/egg-logrotator/app/schedule/clean_log.js
2019-03-13 15:17:51,587 INFO 35725 [egg-schedule]: register schedule /Users/richard/github/IntelligentTourMap/node_modules/egg-logrotator/app/schedule/rotate_by_file.js
2019-03-13 15:19:02,631 INFO 35765 [egg-schedule]: register schedule /Users/richard/github/IntelligentTourMap/node_modules/egg-logrotator/app/schedule/clean_log.js
2019-03-13 15:19:02,631 INFO 35765 [egg-schedule]: register schedule /Users/richard/github/IntelligentTourMap/node_modules/egg-logrotator/app/schedule/rotate_by_file.js
2019-03-13 15:20:26,816 INFO 35919 [Timer] /Users/richard/github/IntelligentTourMap/node_modules/egg-logrotator/app/schedule/clean_log.js next time will execute after 31173186ms at 2019-03-14 00:00:00.002
2019-03-13 15:20:26,816 INFO 35919 [Timer] /Users/richard/github/IntelligentTourMap/node_modules/egg-logrotator/app/schedule/rotate_by_file.js next time will execute after 31174184ms at 2019-03-14 00:00:01.000
2019-03-13 15:20:26,596 INFO 35927 [egg-schedule]: register schedule /Users/richard/github/IntelligentTourMap/node_modules/egg-logrotator/app/schedule/clean_log.js
2019-03-13 15:20:26,596 INFO 35927 [egg-schedule]: register schedule /Users/richard/github/IntelligentTourMap/node_modules/egg-logrotator/app/schedule/rotate_by_file.js
2019-03-13 15:25:20,207 INFO 36163 [egg-schedule]: register schedule /Users/richard/github/IntelligentTourMap/node_modules/egg-logrotator/app/schedule/clean_log.js
2019-03-13 15:25:20,207 INFO 36163 [egg-schedule]: register schedule /Users/richard/github/IntelligentTourMap/node_modules/egg-logrotator/app/schedule/rotate_by_file.js
2019-03-13 15:53:20,718 INFO 37242 [Timer] /Users/richard/github/IntelligentTourMap/node_modules/egg-logrotator/app/schedule/clean_log.js next time will execute after 29199285ms at 2019-03-14 00:00:00.003
2019-03-13 15:53:20,719 INFO 37242 [Timer] /Users/richard/github/IntelligentTourMap/node_modules/egg-logrotator/app/schedule/rotate_by_file.js next time will execute after 29200281ms at 2019-03-14 00:00:01.000
2019-03-13 15:53:20,293 INFO 37250 [egg-schedule]: register schedule /Users/richard/github/IntelligentTourMap/node_modules/egg-logrotator/app/schedule/clean_log.js
2019-03-13 15:53:20,293 INFO 37250 [egg-schedule]: register schedule /Users/richard/github/IntelligentTourMap/node_modules/egg-logrotator/app/schedule/rotate_by_file.js
2019-03-13 15:54:01,271 INFO 37277 [egg-schedule]: register schedule /Users/richard/github/IntelligentTourMap/node_modules/egg-logrotator/app/schedule/clean_log.js
2019-03-13 15:54:01,271 INFO 37277 [egg-schedule]: register schedule /Users/richard/github/IntelligentTourMap/node_modules/egg-logrotator/app/schedule/rotate_by_file.js
2019-03-13 15:56:50,880 INFO 37669 [Timer] /Users/richard/github/IntelligentTourMap/node_modules/egg-logrotator/app/schedule/clean_log.js next time will execute after 28989122ms at 2019-03-14 00:00:00.002
2019-03-13 15:56:50,880 INFO 37669 [Timer] /Users/richard/github/IntelligentTourMap/node_modules/egg-logrotator/app/schedule/rotate_by_file.js next time will execute after 28990120ms at 2019-03-14 00:00:01.000
2019-03-13 15:56:50,469 INFO 37677 [egg-schedule]: register schedule /Users/richard/github/IntelligentTourMap/node_modules/egg-logrotator/app/schedule/clean_log.js
2019-03-13 15:56:50,469 INFO 37677 [egg-schedule]: register schedule /Users/richard/github/IntelligentTourMap/node_modules/egg-logrotator/app/schedule/rotate_by_file.js
2019-03-13 15:57:20,485 INFO 37695 [egg-schedule]: register schedule /Users/richard/github/IntelligentTourMap/node_modules/egg-logrotator/app/schedule/clean_log.js
2019-03-13 15:57:20,485 INFO 37695 [egg-schedule]: register schedule /Users/richard/github/IntelligentTourMap/node_modules/egg-logrotator/app/schedule/rotate_by_file.js
2019-03-13 15:58:18,139 INFO 37747 [egg-schedule]: register schedule /Users/richard/github/IntelligentTourMap/node_modules/egg-logrotator/app/schedule/clean_log.js
2019-03-13 15:58:18,139 INFO 37747 [egg-schedule]: register schedule /Users/richard/github/IntelligentTourMap/node_modules/egg-logrotator/app/schedule/rotate_by_file.js
2019-03-13 15:59:50,459 INFO 37791 [egg-schedule]: register schedule /Users/richard/github/IntelligentTourMap/node_modules/egg-logrotator/app/schedule/clean_log.js
2019-03-13 15:59:50,459 INFO 37791 [egg-schedule]: register schedule /Users/richard/github/IntelligentTourMap/node_modules/egg-logrotator/app/schedule/rotate_by_file.js
2019-03-13 16:00:22,336 INFO 37812 [egg-schedule]: register schedule /Users/richard/github/IntelligentTourMap/node_modules/egg-logrotator/app/schedule/clean_log.js
2019-03-13 16:00:22,336 INFO 37812 [egg-schedule]: register schedule /Users/richard/github/IntelligentTourMap/node_modules/egg-logrotator/app/schedule/rotate_by_file.js
2019-03-13 16:01:08,711 INFO 37835 [egg-schedule]: register schedule /Users/richard/github/IntelligentTourMap/node_modules/egg-logrotator/app/schedule/clean_log.js
2019-03-13 16:01:08,711 INFO 37835 [egg-schedule]: register schedule /Users/richard/github/IntelligentTourMap/node_modules/egg-logrotator/app/schedule/rotate_by_file.js
2019-03-13 16:03:05,598 INFO 37916 [egg-schedule]: register schedule /Users/richard/github/IntelligentTourMap/node_modules/egg-logrotator/app/schedule/clean_log.js
2019-03-13 16:03:05,598 INFO 37916 [egg-schedule]: register schedule /Users/richard/github/IntelligentTourMap/node_modules/egg-logrotator/app/schedule/rotate_by_file.js
2019-03-13 16:09:29,447 INFO 38092 [egg-schedule]: register schedule /Users/richard/github/IntelligentTourMap/node_modules/egg-logrotator/app/schedule/clean_log.js
2019-03-13 16:09:29,447 INFO 38092 [egg-schedule]: register schedule /Users/richard/github/IntelligentTourMap/node_modules/egg-logrotator/app/schedule/rotate_by_file.js
2019-03-13 16:09:42,633 INFO 38112 [egg-schedule]: register schedule /Users/richard/github/IntelligentTourMap/node_modules/egg-logrotator/app/schedule/clean_log.js
2019-03-13 16:09:42,633 INFO 38112 [egg-schedule]: register schedule /Users/richard/github/IntelligentTourMap/node_modules/egg-logrotator/app/schedule/rotate_by_file.js
2019-03-13 16:12:11,876 INFO 38211 [egg-schedule]: register schedule /Users/richard/github/IntelligentTourMap/node_modules/egg-logrotator/app/schedule/clean_log.js
2019-03-13 16:12:11,876 INFO 38211 [egg-schedule]: register schedule /Users/richard/github/IntelligentTourMap/node_modules/egg-logrotator/app/schedule/rotate_by_file.js
2019-03-13 16:13:17,183 INFO 38244 [egg-schedule]: register schedule /Users/richard/github/IntelligentTourMap/node_modules/egg-logrotator/app/schedule/clean_log.js
2019-03-13 16:13:17,183 INFO 38244 [egg-schedule]: register schedule /Users/richard/github/IntelligentTourMap/node_modules/egg-logrotator/app/schedule/rotate_by_file.js
2019-03-13 16:14:34,799 INFO 38277 [egg-schedule]: register schedule /Users/richard/github/IntelligentTourMap/node_modules/egg-logrotator/app/schedule/clean_log.js
2019-03-13 16:14:34,799 INFO 38277 [egg-schedule]: register schedule /Users/richard/github/IntelligentTourMap/node_modules/egg-logrotator/app/schedule/rotate_by_file.js
2019-03-13 16:15:32,520 INFO 38338 [egg-schedule]: register schedule /Users/richard/github/IntelligentTourMap/node_modules/egg-logrotator/app/schedule/clean_log.js
2019-03-13 16:15:32,520 INFO 38338 [egg-schedule]: register schedule /Users/richard/github/IntelligentTourMap/node_modules/egg-logrotator/app/schedule/rotate_by_file.js
2019-03-13 16:15:44,070 INFO 38359 [egg-schedule]: register schedule /Users/richard/github/IntelligentTourMap/node_modules/egg-logrotator/app/schedule/clean_log.js
2019-03-13 16:15:44,070 INFO 38359 [egg-schedule]: register schedule /Users/richard/github/IntelligentTourMap/node_modules/egg-logrotator/app/schedule/rotate_by_file.js
2019-03-13 16:16:41,723 INFO 38408 [egg-schedule]: register schedule /Users/richard/github/IntelligentTourMap/node_modules/egg-logrotator/app/schedule/clean_log.js
2019-03-13 16:16:41,723 INFO 38408 [egg-schedule]: register schedule /Users/richard/github/IntelligentTourMap/node_modules/egg-logrotator/app/schedule/rotate_by_file.js
2019-03-13 16:16:43,386 INFO 38416 [egg-schedule]: register schedule /Users/richard/github/IntelligentTourMap/node_modules/egg-logrotator/app/schedule/clean_log.js
2019-03-13 16:16:43,386 INFO 38416 [egg-schedule]: register schedule /Users/richard/github/IntelligentTourMap/node_modules/egg-logrotator/app/schedule/rotate_by_file.js
2019-03-13 16:20:15,112 INFO 38607 [egg-schedule]: register schedule /Users/richard/github/IntelligentTourMap/node_modules/egg-logrotator/app/schedule/clean_log.js
2019-03-13 16:20:15,112 INFO 38607 [egg-schedule]: register schedule /Users/richard/github/IntelligentTourMap/node_modules/egg-logrotator/app/schedule/rotate_by_file.js
2019-03-13 16:20:41,327 INFO 38672 [Timer] /Users/richard/github/IntelligentTourMap/node_modules/egg-logrotator/app/schedule/clean_log.js next time will execute after 27558675ms at 2019-03-14 00:00:00.002
2019-03-13 16:20:41,327 INFO 38672 [Timer] /Users/richard/github/IntelligentTourMap/node_modules/egg-logrotator/app/schedule/rotate_by_file.js next time will execute after 27559673ms at 2019-03-14 00:00:01.000
2019-03-13 16:20:41,132 INFO 38673 [egg-schedule]: register schedule /Users/richard/github/IntelligentTourMap/node_modules/egg-logrotator/app/schedule/clean_log.js
2019-03-13 16:20:41,132 INFO 38673 [egg-schedule]: register schedule /Users/richard/github/IntelligentTourMap/node_modules/egg-logrotator/app/schedule/rotate_by_file.js
2019-03-13 16:22:33,516 INFO 38750 [egg-schedule]: register schedule /Users/richard/github/IntelligentTourMap/node_modules/egg-logrotator/app/schedule/clean_log.js
2019-03-13 16:22:33,516 INFO 38750 [egg-schedule]: register schedule /Users/richard/github/IntelligentTourMap/node_modules/egg-logrotator/app/schedule/rotate_by_file.js
2019-03-13 16:23:31,557 INFO 38790 [egg-schedule]: register schedule /Users/richard/github/IntelligentTourMap/node_modules/egg-logrotator/app/schedule/clean_log.js
2019-03-13 16:23:31,557 INFO 38790 [egg-schedule]: register schedule /Users/richard/github/IntelligentTourMap/node_modules/egg-logrotator/app/schedule/rotate_by_file.js
2019-03-13 16:23:48,652 INFO 38831 [egg-schedule]: register schedule /Users/richard/github/IntelligentTourMap/node_modules/egg-logrotator/app/schedule/clean_log.js
2019-03-13 16:23:48,652 INFO 38831 [egg-schedule]: register schedule /Users/richard/github/IntelligentTourMap/node_modules/egg-logrotator/app/schedule/rotate_by_file.js
2019-03-13 16:51:36,818 INFO 40163 [egg-schedule]: register schedule /Users/richard/github/IntelligentTourMap/node_modules/egg-logrotator/app/schedule/clean_log.js
2019-03-13 16:51:36,818 INFO 40163 [egg-schedule]: register schedule /Users/richard/github/IntelligentTourMap/node_modules/egg-logrotator/app/schedule/rotate_by_file.js
2019-03-13 16:51:37,016 INFO 40161 [Timer] /Users/richard/github/IntelligentTourMap/node_modules/egg-logrotator/app/schedule/clean_log.js next time will execute after 25702986ms at 2019-03-14 00:00:00.002
2019-03-13 16:51:37,017 INFO 40161 [Timer] /Users/richard/github/IntelligentTourMap/node_modules/egg-logrotator/app/schedule/rotate_by_file.js next time will execute after 25703984ms at 2019-03-14 00:00:01.001
2019-03-13 16:53:30,647 INFO 40256 [egg-schedule]: register schedule /Users/richard/github/IntelligentTourMap/node_modules/egg-logrotator/app/schedule/clean_log.js
2019-03-13 16:53:30,647 INFO 40256 [egg-schedule]: register schedule /Users/richard/github/IntelligentTourMap/node_modules/egg-logrotator/app/schedule/rotate_by_file.js
2019-03-13 16:53:32,581 INFO 40257 [egg-schedule]: register schedule /Users/richard/github/IntelligentTourMap/node_modules/egg-logrotator/app/schedule/clean_log.js
2019-03-13 16:53:32,581 INFO 40257 [egg-schedule]: register schedule /Users/richard/github/IntelligentTourMap/node_modules/egg-logrotator/app/schedule/rotate_by_file.js
2019-03-13 16:54:04,494 INFO 40298 [egg-schedule]: register schedule /Users/richard/github/IntelligentTourMap/node_modules/egg-logrotator/app/schedule/clean_log.js
2019-03-13 16:54:04,494 INFO 40298 [egg-schedule]: register schedule /Users/richard/github/IntelligentTourMap/node_modules/egg-logrotator/app/schedule/rotate_by_file.js
2019-03-13 16:54:49,331 INFO 40350 [egg-schedule]: register schedule /Users/richard/github/IntelligentTourMap/node_modules/egg-logrotator/app/schedule/clean_log.js
2019-03-13 16:54:49,331 INFO 40350 [egg-schedule]: register schedule /Users/richard/github/IntelligentTourMap/node_modules/egg-logrotator/app/schedule/rotate_by_file.js
2019-03-13 16:55:40,265 INFO 40389 [egg-schedule]: register schedule /Users/richard/github/IntelligentTourMap/node_modules/egg-logrotator/app/schedule/clean_log.js
2019-03-13 16:55:40,265 INFO 40389 [egg-schedule]: register schedule /Users/richard/github/IntelligentTourMap/node_modules/egg-logrotator/app/schedule/rotate_by_file.js
2019-03-13 16:56:06,074 INFO 40432 [egg-schedule]: register schedule /Users/richard/github/IntelligentTourMap/node_modules/egg-logrotator/app/schedule/clean_log.js
2019-03-13 16:56:06,074 INFO 40432 [egg-schedule]: register schedule /Users/richard/github/IntelligentTourMap/node_modules/egg-logrotator/app/schedule/rotate_by_file.js
2019-03-13 16:56:30,408 INFO 40463 [egg-schedule]: register schedule /Users/richard/github/IntelligentTourMap/node_modules/egg-logrotator/app/schedule/clean_log.js
2019-03-13 16:56:30,408 INFO 40463 [egg-schedule]: register schedule /Users/richard/github/IntelligentTourMap/node_modules/egg-logrotator/app/schedule/rotate_by_file.js
2019-03-13 16:56:47,259 INFO 40485 [egg-schedule]: register schedule /Users/richard/github/IntelligentTourMap/node_modules/egg-logrotator/app/schedule/clean_log.js
2019-03-13 16:56:47,259 INFO 40485 [egg-schedule]: register schedule /Users/richard/github/IntelligentTourMap/node_modules/egg-logrotator/app/schedule/rotate_by_file.js
